  [1m[35m (91.0ms)[0m  [1m[35mCREATE TABLE "schema_migrations" ("version" varchar NOT NULL PRIMARY KEY)[0m
  [1m[35m (105.4ms)[0m  [1m[35mCREATE TABLE "ar_internal_metadata" ("key" varchar NOT NULL PRIMARY KEY, "value" varchar, "created_at" datetime NOT NULL, "updated_at" datetime NOT NULL)[0m
  [1m[36mActiveRecord::SchemaMigration Load (0.4ms)[0m  [1m[34mSELECT "schema_migrations".* FROM "schema_migrations"[0m
Migrating to CreateUsers (20170719123720)
  [1m[35m (0.2ms)[0m  [1m[36mbegin transaction[0m
  [1m[35m (1.1ms)[0m  [1m[35mCREATE TABLE "users" ("id" INTEGER PRIMARY KEY AUTOINCREMENT NOT NULL, "name" varchar, "email" varchar, "created_at" datetime NOT NULL, "updated_at" datetime NOT NULL)[0m
  [1m[35mSQL (0.4ms)[0m  [1m[32mINSERT INTO "schema_migrations" ("version") VALUES (?)[0m  [["version", "20170719123720"]]
  [1m[35m (113.4ms)[0m  [1m[36mcommit transaction[0m
  [1m[36mActiveRecord::InternalMetadata Load (0.3ms)[0m  [1m[34mSELECT  "ar_internal_metadata".* FROM "ar_internal_metadata" WHERE "ar_internal_metadata"."key" = ? LIMIT ?[0m  [["key", "environment"], ["LIMIT", 1]]
  [1m[35m (0.1ms)[0m  [1m[36mbegin transaction[0m
  [1m[35mSQL (0.5ms)[0m  [1m[32mINSERT INTO "ar_internal_metadata" ("key", "value", "created_at", "updated_at") VALUES (?, ?, ?, ?)[0m  [["key", "environment"], ["value", "development"], ["created_at", "2017-07-19 12:40:51.859960"], ["updated_at", "2017-07-19 12:40:51.859960"]]
  [1m[35m (69.5ms)[0m  [1m[36mcommit transaction[0m
  [1m[36mActiveRecord::SchemaMigration Load (0.3ms)[0m  [1m[34mSELECT "schema_migrations".* FROM "schema_migrations"[0m
Started GET "/" for 127.0.0.1 at 2017-07-19 15:41:51 +0300
  [1m[36mActiveRecord::SchemaMigration Load (0.4ms)[0m  [1m[34mSELECT "schema_migrations".* FROM "schema_migrations"[0m
Processing by Rails::WelcomeController#index as HTML
  Parameters: {"internal"=>true}
  Rendering /home/katherine/.rbenv/versions/2.4.0/lib/ruby/gems/2.4.0/gems/railties-5.0.4/lib/rails/templates/rails/welcome/index.html.erb
  Rendered /home/katherine/.rbenv/versions/2.4.0/lib/ruby/gems/2.4.0/gems/railties-5.0.4/lib/rails/templates/rails/welcome/index.html.erb (7.2ms)
Completed 200 OK in 75ms (Views: 26.1ms | ActiveRecord: 0.0ms)


Started GET "/" for 127.0.0.1 at 2017-07-19 15:41:54 +0300
Processing by Rails::WelcomeController#index as HTML
  Parameters: {"internal"=>true}
  Rendering /home/katherine/.rbenv/versions/2.4.0/lib/ruby/gems/2.4.0/gems/railties-5.0.4/lib/rails/templates/rails/welcome/index.html.erb
  Rendered /home/katherine/.rbenv/versions/2.4.0/lib/ruby/gems/2.4.0/gems/railties-5.0.4/lib/rails/templates/rails/welcome/index.html.erb (8.5ms)
Completed 200 OK in 16ms (Views: 12.4ms | ActiveRecord: 0.0ms)


Started GET "/users" for 127.0.0.1 at 2017-07-19 15:43:04 +0300
Processing by UsersController#index as HTML
  Rendering users/index.html.erb within layouts/application
  [1m[36mUser Load (0.8ms)[0m  [1m[34mSELECT "users".* FROM "users"[0m
  Rendered users/index.html.erb within layouts/application (14.0ms)
Completed 200 OK in 2913ms (Views: 2888.4ms | ActiveRecord: 1.5ms)


Started GET "/users/new" for 127.0.0.1 at 2017-07-19 15:43:13 +0300
Processing by UsersController#new as HTML
  Rendering users/new.html.erb within layouts/application
  Rendered users/_form.html.erb (296.6ms)
  Rendered users/new.html.erb within layouts/application (300.7ms)
Completed 200 OK in 366ms (Views: 348.8ms | ActiveRecord: 1.4ms)


Started GET "/users/1" for 127.0.0.1 at 2017-07-19 15:43:28 +0300
Processing by UsersController#show as HTML
  Parameters: {"id"=>"1"}
  [1m[36mUser Load (1.4ms)[0m  [1m[34mSELECT  "users".* FROM "users" WHERE "users"."id" = ? LIMIT ?[0m  [["id", 1], ["LIMIT", 1]]
Completed 404 Not Found in 12ms (ActiveRecord: 1.4ms)


  
ActiveRecord::RecordNotFound (Couldn't find User with 'id'=1):
  
app/controllers/users_controller.rb:67:in `set_user'
  Rendering /home/katherine/.rbenv/versions/2.4.0/lib/ruby/gems/2.4.0/gems/actionpack-5.0.4/lib/action_dispatch/middleware/templates/rescues/diagnostics.html.erb within rescues/layout
  Rendering /home/katherine/.rbenv/versions/2.4.0/lib/ruby/gems/2.4.0/gems/actionpack-5.0.4/lib/action_dispatch/middleware/templates/rescues/_source.html.erb
  Rendered /home/katherine/.rbenv/versions/2.4.0/lib/ruby/gems/2.4.0/gems/actionpack-5.0.4/lib/action_dispatch/middleware/templates/rescues/_source.html.erb (6.1ms)
  Rendering /home/katherine/.rbenv/versions/2.4.0/lib/ruby/gems/2.4.0/gems/actionpack-5.0.4/lib/action_dispatch/middleware/templates/rescues/_trace.html.erb
  Rendered /home/katherine/.rbenv/versions/2.4.0/lib/ruby/gems/2.4.0/gems/actionpack-5.0.4/lib/action_dispatch/middleware/templates/rescues/_trace.html.erb (4.4ms)
  Rendering /home/katherine/.rbenv/versions/2.4.0/lib/ruby/gems/2.4.0/gems/actionpack-5.0.4/lib/action_dispatch/middleware/templates/rescues/_request_and_response.html.erb
  Rendered /home/katherine/.rbenv/versions/2.4.0/lib/ruby/gems/2.4.0/gems/actionpack-5.0.4/lib/action_dispatch/middleware/templates/rescues/_request_and_response.html.erb (2.0ms)
  Rendered /home/katherine/.rbenv/versions/2.4.0/lib/ruby/gems/2.4.0/gems/actionpack-5.0.4/lib/action_dispatch/middleware/templates/rescues/diagnostics.html.erb within rescues/layout (42.1ms)
Started PUT "/__web_console/repl_sessions/19bc492b0480d90bcba25c1f14a3f8af" for 127.0.0.1 at 2017-07-19 15:43:48 +0300
Started PUT "/__web_console/repl_sessions/19bc492b0480d90bcba25c1f14a3f8af" for 127.0.0.1 at 2017-07-19 15:43:50 +0300
Started GET "/users" for 127.0.0.1 at 2017-07-19 15:44:23 +0300
Processing by UsersController#index as HTML
  Rendering users/index.html.erb within layouts/application
  [1m[36mUser Load (0.4ms)[0m  [1m[34mSELECT "users".* FROM "users"[0m
  Rendered users/index.html.erb within layouts/application (3.9ms)
Completed 200 OK in 61ms (Views: 56.9ms | ActiveRecord: 0.4ms)


Started GET "/users/new" for 127.0.0.1 at 2017-07-19 15:44:27 +0300
Processing by UsersController#new as HTML
  Rendering users/new.html.erb within layouts/application
  Rendered users/_form.html.erb (2.2ms)
  Rendered users/new.html.erb within layouts/application (3.3ms)
Completed 200 OK in 28ms (Views: 26.4ms | ActiveRecord: 0.0ms)


Started POST "/users" for 127.0.0.1 at 2017-07-19 15:44:36 +0300
Processing by UsersController#create as HTML
  Parameters: {"utf8"=>"✓", "authenticity_token"=>"oyc1ipIS9XQHrSHEYLv301tQEhHW+oBUCW/ThjxxsLWtEDG6twkMg84kb/W++9charHD+th7Odr93mk5/JdRaA==", "user"=>{"name"=>"cate", "email"=>"kathiekim95@gmail.com"}, "commit"=>"Create User"}
  [1m[35m (0.2ms)[0m  [1m[36mbegin transaction[0m
  [1m[35mSQL (2.1ms)[0m  [1m[32mINSERT INTO "users" ("name", "email", "created_at", "updated_at") VALUES (?, ?, ?, ?)[0m  [["name", "cate"], ["email", "kathiekim95@gmail.com"], ["created_at", "2017-07-19 12:44:36.764947"], ["updated_at", "2017-07-19 12:44:36.764947"]]
  [1m[35m (196.9ms)[0m  [1m[36mcommit transaction[0m
Redirected to http://localhost:3000/users/1
Completed 302 Found in 208ms (ActiveRecord: 199.2ms)


Started GET "/users/1" for 127.0.0.1 at 2017-07-19 15:44:36 +0300
Processing by UsersController#show as HTML
  Parameters: {"id"=>"1"}
  [1m[36mUser Load (0.2ms)[0m  [1m[34mSELECT  "users".* FROM "users" WHERE "users"."id" = ? LIMIT ?[0m  [["id", 1], ["LIMIT", 1]]
  Rendering users/show.html.erb within layouts/application
  Rendered users/show.html.erb within layouts/application (1.9ms)
Completed 200 OK in 73ms (Views: 69.1ms | ActiveRecord: 0.2ms)


Started GET "/users/1/edit" for 127.0.0.1 at 2017-07-19 15:44:46 +0300
Processing by UsersController#edit as HTML
  Parameters: {"id"=>"1"}
  [1m[36mUser Load (0.7ms)[0m  [1m[34mSELECT  "users".* FROM "users" WHERE "users"."id" = ? LIMIT ?[0m  [["id", 1], ["LIMIT", 1]]
  Rendering users/edit.html.erb within layouts/application
  Rendered users/_form.html.erb (6.3ms)
  Rendered users/edit.html.erb within layouts/application (10.2ms)
Completed 200 OK in 74ms (Views: 69.2ms | ActiveRecord: 0.7ms)


Started PATCH "/users/1" for 127.0.0.1 at 2017-07-19 15:44:49 +0300
Processing by UsersController#update as HTML
  Parameters: {"utf8"=>"✓", "authenticity_token"=>"yb6acGFf+CVnM5A5qysip827eywruwyTbq79tVYeEbDsgDD3dUuj1cQ77/KB/ypFoZKGgl8JU7yFvJM6/6v9aQ==", "user"=>{"name"=>"cate", "email"=>"kathiekim95@gmail.com"}, "commit"=>"Update User", "id"=>"1"}
  [1m[36mUser Load (0.6ms)[0m  [1m[34mSELECT  "users".* FROM "users" WHERE "users"."id" = ? LIMIT ?[0m  [["id", 1], ["LIMIT", 1]]
  [1m[35m (0.3ms)[0m  [1m[36mbegin transaction[0m
  [1m[35m (0.3ms)[0m  [1m[36mcommit transaction[0m
Redirected to http://localhost:3000/users/1
Completed 302 Found in 12ms (ActiveRecord: 1.2ms)


Started GET "/users/1" for 127.0.0.1 at 2017-07-19 15:44:49 +0300
Processing by UsersController#show as HTML
  Parameters: {"id"=>"1"}
  [1m[36mUser Load (0.8ms)[0m  [1m[34mSELECT  "users".* FROM "users" WHERE "users"."id" = ? LIMIT ?[0m  [["id", 1], ["LIMIT", 1]]
  Rendering users/show.html.erb within layouts/application
  Rendered users/show.html.erb within layouts/application (2.7ms)
Completed 200 OK in 59ms (Views: 53.9ms | ActiveRecord: 0.8ms)


Started GET "/users" for 127.0.0.1 at 2017-07-19 15:45:03 +0300
Processing by UsersController#index as HTML
  Rendering users/index.html.erb within layouts/application
  [1m[36mUser Load (0.4ms)[0m  [1m[34mSELECT "users".* FROM "users"[0m
  Rendered users/index.html.erb within layouts/application (9.2ms)
Completed 200 OK in 114ms (Views: 111.4ms | ActiveRecord: 0.4ms)


  [1m[36mActiveRecord::SchemaMigration Load (0.4ms)[0m  [1m[34mSELECT "schema_migrations".* FROM "schema_migrations"[0m
Migrating to CreateMicroposts (20170719132841)
  [1m[35m (0.2ms)[0m  [1m[36mbegin transaction[0m
  [1m[35m (2.6ms)[0m  [1m[35mCREATE TABLE "microposts" ("id" INTEGER PRIMARY KEY AUTOINCREMENT NOT NULL, "content" text, "user_id" integer, "created_at" datetime NOT NULL, "updated_at" datetime NOT NULL)[0m
  [1m[35mSQL (0.4ms)[0m  [1m[32mINSERT INTO "schema_migrations" ("version") VALUES (?)[0m  [["version", "20170719132841"]]
  [1m[35m (137.3ms)[0m  [1m[36mcommit transaction[0m
  [1m[36mActiveRecord::InternalMetadata Load (0.4ms)[0m  [1m[34mSELECT  "ar_internal_metadata".* FROM "ar_internal_metadata" WHERE "ar_internal_metadata"."key" = ? LIMIT ?[0m  [["key", "environment"], ["LIMIT", 1]]
  [1m[35m (0.2ms)[0m  [1m[36mbegin transaction[0m
  [1m[35m (0.1ms)[0m  [1m[36mcommit transaction[0m
  [1m[36mActiveRecord::SchemaMigration Load (0.2ms)[0m  [1m[34mSELECT "schema_migrations".* FROM "schema_migrations"[0m
Started GET "/microposts" for 127.0.0.1 at 2017-07-19 16:31:55 +0300
  [1m[36mActiveRecord::SchemaMigration Load (0.5ms)[0m  [1m[34mSELECT "schema_migrations".* FROM "schema_migrations"[0m
Processing by MicropostsController#index as HTML
  Rendering microposts/index.html.erb within layouts/application
  [1m[36mMicropost Load (0.3ms)[0m  [1m[34mSELECT "microposts".* FROM "microposts"[0m
  Rendered microposts/index.html.erb within layouts/application (15.7ms)
Completed 200 OK in 934ms (Views: 887.5ms | ActiveRecord: 1.0ms)


Started GET "/microposts/new" for 127.0.0.1 at 2017-07-19 16:32:01 +0300
Processing by MicropostsController#new as HTML
  Rendering microposts/new.html.erb within layouts/application
  Rendered microposts/_form.html.erb (165.4ms)
  Rendered microposts/new.html.erb within layouts/application (168.7ms)
Completed 200 OK in 248ms (Views: 231.2ms | ActiveRecord: 1.6ms)


Started POST "/microposts" for 127.0.0.1 at 2017-07-19 16:32:09 +0300
Processing by MicropostsController#create as HTML
  Parameters: {"utf8"=>"✓", "authenticity_token"=>"lQLBjr2L4oFmvf2eTxP4wNKMuDSILu5zYzdBRLQU2b37OO06CBJRhpW462+bd2I7ZlN2hpFCFTWNT682N9smkg==", "micropost"=>{"content"=>"fsdfsvxcvsdv", "user_id"=>"-3"}, "commit"=>"Create Micropost"}
  [1m[35m (0.8ms)[0m  [1m[36mbegin transaction[0m
  [1m[35mSQL (1.1ms)[0m  [1m[32mINSERT INTO "microposts" ("content", "user_id", "created_at", "updated_at") VALUES (?, ?, ?, ?)[0m  [["content", "fsdfsvxcvsdv"], ["user_id", -3], ["created_at", "2017-07-19 13:32:09.778564"], ["updated_at", "2017-07-19 13:32:09.778564"]]
  [1m[35m (98.3ms)[0m  [1m[36mcommit transaction[0m
Redirected to http://localhost:3000/microposts/1
Completed 302 Found in 112ms (ActiveRecord: 100.1ms)


Started GET "/microposts/1" for 127.0.0.1 at 2017-07-19 16:32:09 +0300
Processing by MicropostsController#show as HTML
  Parameters: {"id"=>"1"}
  [1m[36mMicropost Load (0.6ms)[0m  [1m[34mSELECT  "microposts".* FROM "microposts" WHERE "microposts"."id" = ? LIMIT ?[0m  [["id", 1], ["LIMIT", 1]]
  Rendering microposts/show.html.erb within layouts/application
  Rendered microposts/show.html.erb within layouts/application (2.8ms)
Completed 200 OK in 91ms (Views: 79.5ms | ActiveRecord: 0.6ms)


Started GET "/microposts/1/edit" for 127.0.0.1 at 2017-07-19 16:32:14 +0300
Processing by MicropostsController#edit as HTML
  Parameters: {"id"=>"1"}
  [1m[36mMicropost Load (0.9ms)[0m  [1m[34mSELECT  "microposts".* FROM "microposts" WHERE "microposts"."id" = ? LIMIT ?[0m  [["id", 1], ["LIMIT", 1]]
  Rendering microposts/edit.html.erb within layouts/application
  Rendered microposts/_form.html.erb (6.0ms)
  Rendered microposts/edit.html.erb within layouts/application (9.9ms)
Completed 200 OK in 81ms (Views: 76.4ms | ActiveRecord: 0.9ms)


Started PATCH "/microposts/1" for 127.0.0.1 at 2017-07-19 16:32:21 +0300
Processing by MicropostsController#update as HTML
  Parameters: {"utf8"=>"✓", "authenticity_token"=>"HwJyKtQuV8b4ZnSgCcw1inLraCxRhOAym38TadK9M2j0iOu1oOp4hB8DdVFzlytbq1s2h4A8KspJxvopaegdEA==", "micropost"=>{"content"=>"fsdfsvxcvsdv", "user_id"=>"1"}, "commit"=>"Update Micropost", "id"=>"1"}
  [1m[36mMicropost Load (0.6ms)[0m  [1m[34mSELECT  "microposts".* FROM "microposts" WHERE "microposts"."id" = ? LIMIT ?[0m  [["id", 1], ["LIMIT", 1]]
  [1m[35m (0.2ms)[0m  [1m[36mbegin transaction[0m
  [1m[35mSQL (1.8ms)[0m  [1m[33mUPDATE "microposts" SET "user_id" = ?, "updated_at" = ? WHERE "microposts"."id" = ?[0m  [["user_id", 1], ["updated_at", "2017-07-19 13:32:21.221224"], ["id", 1]]
  [1m[35m (97.4ms)[0m  [1m[36mcommit transaction[0m
Redirected to http://localhost:3000/microposts/1
Completed 302 Found in 119ms (ActiveRecord: 100.0ms)


Started GET "/microposts/1" for 127.0.0.1 at 2017-07-19 16:32:21 +0300
Processing by MicropostsController#show as HTML
  Parameters: {"id"=>"1"}
  [1m[36mMicropost Load (0.4ms)[0m  [1m[34mSELECT  "microposts".* FROM "microposts" WHERE "microposts"."id" = ? LIMIT ?[0m  [["id", 1], ["LIMIT", 1]]
  Rendering microposts/show.html.erb within layouts/application
  Rendered microposts/show.html.erb within layouts/application (1.8ms)
Completed 200 OK in 62ms (Views: 58.0ms | ActiveRecord: 0.4ms)


Started GET "/microposts/1/edit" for 127.0.0.1 at 2017-07-19 16:33:03 +0300
Processing by MicropostsController#edit as HTML
  Parameters: {"id"=>"1"}
  [1m[36mMicropost Load (0.3ms)[0m  [1m[34mSELECT  "microposts".* FROM "microposts" WHERE "microposts"."id" = ? LIMIT ?[0m  [["id", 1], ["LIMIT", 1]]
  Rendering microposts/edit.html.erb within layouts/application
  Rendered microposts/_form.html.erb (9.3ms)
  Rendered microposts/edit.html.erb within layouts/application (14.1ms)
Completed 200 OK in 119ms (Views: 113.2ms | ActiveRecord: 0.3ms)


Started PATCH "/microposts/1" for 127.0.0.1 at 2017-07-19 16:33:07 +0300
Processing by MicropostsController#update as HTML
  Parameters: {"utf8"=>"✓", "authenticity_token"=>"VHRcF/DyFsFy19l1zc0+5dducFDfrSpV7jdnh4DzzOS//sWIhDY5g5Wy2IS3liA0Dt4u+w4V4K08jo7HO6binA==", "micropost"=>{"content"=>"fsdfsvxcvsdv", "user_id"=>"1"}, "commit"=>"Update Micropost", "id"=>"1"}
  [1m[36mMicropost Load (0.5ms)[0m  [1m[34mSELECT  "microposts".* FROM "microposts" WHERE "microposts"."id" = ? LIMIT ?[0m  [["id", 1], ["LIMIT", 1]]
  [1m[35m (0.2ms)[0m  [1m[36mbegin transaction[0m
  [1m[35m (0.2ms)[0m  [1m[36mcommit transaction[0m
Redirected to http://localhost:3000/microposts/1
Completed 302 Found in 10ms (ActiveRecord: 1.0ms)


Started GET "/microposts/1" for 127.0.0.1 at 2017-07-19 16:33:07 +0300
Processing by MicropostsController#show as HTML
  Parameters: {"id"=>"1"}
  [1m[36mMicropost Load (0.5ms)[0m  [1m[34mSELECT  "microposts".* FROM "microposts" WHERE "microposts"."id" = ? LIMIT ?[0m  [["id", 1], ["LIMIT", 1]]
  Rendering microposts/show.html.erb within layouts/application
  Rendered microposts/show.html.erb within layouts/application (2.0ms)
Completed 200 OK in 65ms (Views: 59.9ms | ActiveRecord: 0.5ms)


Started GET "/microposts" for 127.0.0.1 at 2017-07-19 16:33:13 +0300
Processing by MicropostsController#index as HTML
  Rendering microposts/index.html.erb within layouts/application
  [1m[36mMicropost Load (0.6ms)[0m  [1m[34mSELECT "microposts".* FROM "microposts"[0m
  Rendered microposts/index.html.erb within layouts/application (5.7ms)
Completed 200 OK in 71ms (Views: 67.3ms | ActiveRecord: 0.6ms)


Started GET "/microposts/new" for 127.0.0.1 at 2017-07-19 16:33:16 +0300
Processing by MicropostsController#new as HTML
  Rendering microposts/new.html.erb within layouts/application
  Rendered microposts/_form.html.erb (6.7ms)
  Rendered microposts/new.html.erb within layouts/application (9.6ms)
Completed 200 OK in 79ms (Views: 74.9ms | ActiveRecord: 0.0ms)


Started POST "/microposts" for 127.0.0.1 at 2017-07-19 16:33:17 +0300
Processing by MicropostsController#create as HTML
  Parameters: {"utf8"=>"✓", "authenticity_token"=>"0UTYYzgFr304IvHPUUQYgN9F9rW7g4H+HqKx6g5qQmu/fvTXjZwcessn5z6FIIJ7a5o4B6Lverjw2l+YjaW9RA==", "micropost"=>{"content"=>"", "user_id"=>""}, "commit"=>"Create Micropost"}
  [1m[35m (0.3ms)[0m  [1m[36mbegin transaction[0m
  [1m[35mSQL (0.7ms)[0m  [1m[32mINSERT INTO "microposts" ("content", "created_at", "updated_at") VALUES (?, ?, ?)[0m  [["content", ""], ["created_at", "2017-07-19 13:33:17.940555"], ["updated_at", "2017-07-19 13:33:17.940555"]]
  [1m[35m (142.5ms)[0m  [1m[36mcommit transaction[0m
Redirected to http://localhost:3000/microposts/2
Completed 302 Found in 153ms (ActiveRecord: 143.5ms)


Started GET "/microposts/2" for 127.0.0.1 at 2017-07-19 16:33:18 +0300
Processing by MicropostsController#show as HTML
  Parameters: {"id"=>"2"}
  [1m[36mMicropost Load (0.3ms)[0m  [1m[34mSELECT  "microposts".* FROM "microposts" WHERE "microposts"."id" = ? LIMIT ?[0m  [["id", 2], ["LIMIT", 1]]
  Rendering microposts/show.html.erb within layouts/application
  Rendered microposts/show.html.erb within layouts/application (2.4ms)
Completed 200 OK in 83ms (Views: 78.8ms | ActiveRecord: 0.3ms)


Started GET "/microposts/" for 127.0.0.1 at 2017-07-19 16:33:23 +0300
Processing by MicropostsController#index as HTML
  Rendering microposts/index.html.erb within layouts/application
  [1m[36mMicropost Load (0.2ms)[0m  [1m[34mSELECT "microposts".* FROM "microposts"[0m
  Rendered microposts/index.html.erb within layouts/application (1.7ms)
Completed 200 OK in 22ms (Views: 19.5ms | ActiveRecord: 0.2ms)


Started GET "/microposts/new" for 127.0.0.1 at 2017-07-19 16:33:25 +0300
Processing by MicropostsController#new as HTML
  Rendering microposts/new.html.erb within layouts/application
  Rendered microposts/_form.html.erb (8.1ms)
  Rendered microposts/new.html.erb within layouts/application (12.3ms)
Completed 200 OK in 92ms (Views: 88.4ms | ActiveRecord: 0.0ms)


Started POST "/microposts" for 127.0.0.1 at 2017-07-19 16:33:59 +0300
Processing by MicropostsController#create as HTML
  Parameters: {"utf8"=>"✓", "authenticity_token"=>"fL2xE77fQNrJ8tGe54h6W6fe9pwnJ60RiPr2WEd6UnYSh52nC0bz3Tr3x28z7OCgEwE4Lj5LVldmghgqxLWtWQ==", "micropost"=>{"content"=>"nxjk<anxk<xnkz<xnaxnmnsddfjfdfdskfnsfsdfdsdfsdfsfdsfsdfrjljwl;qlkfkmfjeiuwldkasdwgfwledqhuwlsmqkasnwhjdewlqqwwheynsLSKHE  LKOF EFKJSDLCSKCDSFLL; AWJDFEDG NDNFIFJCJSJDHPwswernsdfsfghjhqpoqse", "user_id"=>""}, "commit"=>"Create Micropost"}
  [1m[35m (0.2ms)[0m  [1m[36mbegin transaction[0m
  [1m[35mSQL (4.1ms)[0m  [1m[32mINSERT INTO "microposts" ("content", "created_at", "updated_at") VALUES (?, ?, ?)[0m  [["content", "nxjk<anxk<xnkz<xnaxnmnsddfjfdfdskfnsfsdfdsdfsdfsfdsfsdfrjljwl;qlkfkmfjeiuwldkasdwgfwledqhuwlsmqkasnwhjdewlqqwwheynsLSKHE  LKOF EFKJSDLCSKCDSFLL; AWJDFEDG NDNFIFJCJSJDHPwswernsdfsfghjhqpoqse"], ["created_at", "2017-07-19 13:33:59.178778"], ["updated_at", "2017-07-19 13:33:59.178778"]]
  [1m[35m (90.3ms)[0m  [1m[36mcommit transaction[0m
Redirected to http://localhost:3000/microposts/3
Completed 302 Found in 105ms (ActiveRecord: 94.6ms)


Started GET "/microposts/3" for 127.0.0.1 at 2017-07-19 16:33:59 +0300
Processing by MicropostsController#show as HTML
  Parameters: {"id"=>"3"}
  [1m[36mMicropost Load (0.2ms)[0m  [1m[34mSELECT  "microposts".* FROM "microposts" WHERE "microposts"."id" = ? LIMIT ?[0m  [["id", 3], ["LIMIT", 1]]
  Rendering microposts/show.html.erb within layouts/application
  Rendered microposts/show.html.erb within layouts/application (1.7ms)
Completed 200 OK in 59ms (Views: 55.7ms | ActiveRecord: 0.2ms)


Started GET "/microposts/3" for 127.0.0.1 at 2017-07-19 16:34:43 +0300
Processing by MicropostsController#show as HTML
  Parameters: {"id"=>"3"}
  [1m[36mMicropost Load (0.3ms)[0m  [1m[34mSELECT  "microposts".* FROM "microposts" WHERE "microposts"."id" = ? LIMIT ?[0m  [["id", 3], ["LIMIT", 1]]
  Rendering microposts/show.html.erb within layouts/application
  Rendered microposts/show.html.erb within layouts/application (2.9ms)
Completed 200 OK in 91ms (Views: 85.5ms | ActiveRecord: 0.3ms)


Started GET "/microposts" for 127.0.0.1 at 2017-07-19 16:34:48 +0300
Processing by MicropostsController#index as HTML
  Rendering microposts/index.html.erb within layouts/application
  [1m[36mMicropost Load (0.4ms)[0m  [1m[34mSELECT "microposts".* FROM "microposts"[0m
  Rendered microposts/index.html.erb within layouts/application (7.1ms)
Completed 200 OK in 68ms (Views: 64.7ms | ActiveRecord: 0.4ms)


Started DELETE "/microposts/1" for 127.0.0.1 at 2017-07-19 16:35:07 +0300
Processing by MicropostsController#destroy as HTML
  Parameters: {"authenticity_token"=>"ldanpG2dJv6fUXGpBoapQRPybMfQSVYRKuZST7Bdc1ew6A0jeYl9DjxZDmIsUqGjf9uRaaT7CT7B9DzAGeifjg==", "id"=>"1"}
  [1m[36mMicropost Load (0.4ms)[0m  [1m[34mSELECT  "microposts".* FROM "microposts" WHERE "microposts"."id" = ? LIMIT ?[0m  [["id", 1], ["LIMIT", 1]]
  [1m[35m (0.1ms)[0m  [1m[36mbegin transaction[0m
  [1m[35mSQL (0.4ms)[0m  [1m[31mDELETE FROM "microposts" WHERE "microposts"."id" = ?[0m  [["id", 1]]
  [1m[35m (122.9ms)[0m  [1m[36mcommit transaction[0m
Redirected to http://localhost:3000/microposts
Completed 302 Found in 132ms (ActiveRecord: 123.8ms)


Started GET "/microposts" for 127.0.0.1 at 2017-07-19 16:35:08 +0300
Processing by MicropostsController#index as HTML
  Rendering microposts/index.html.erb within layouts/application
  [1m[36mMicropost Load (0.4ms)[0m  [1m[34mSELECT "microposts".* FROM "microposts"[0m
  Rendered microposts/index.html.erb within layouts/application (5.4ms)
Completed 200 OK in 65ms (Views: 62.0ms | ActiveRecord: 0.4ms)


Started DELETE "/microposts/3" for 127.0.0.1 at 2017-07-19 16:35:20 +0300
Processing by MicropostsController#destroy as HTML
  Parameters: {"authenticity_token"=>"pPOR4pm55Wez1I8OdbukMKb/JTPEBvtWbq5y7TlVIvCBzTtlja2+lxDc8MVfb6zSytbYnbC0pHmFvBxikODOKQ==", "id"=>"3"}
  [1m[36mMicropost Load (0.6ms)[0m  [1m[34mSELECT  "microposts".* FROM "microposts" WHERE "microposts"."id" = ? LIMIT ?[0m  [["id", 3], ["LIMIT", 1]]
  [1m[35m (0.2ms)[0m  [1m[36mbegin transaction[0m
  [1m[35mSQL (1.9ms)[0m  [1m[31mDELETE FROM "microposts" WHERE "microposts"."id" = ?[0m  [["id", 3]]
  [1m[35m (173.3ms)[0m  [1m[36mcommit transaction[0m
Redirected to http://localhost:3000/microposts
Completed 302 Found in 187ms (ActiveRecord: 176.0ms)


Started GET "/microposts" for 127.0.0.1 at 2017-07-19 16:35:20 +0300
Processing by MicropostsController#index as HTML
  Rendering microposts/index.html.erb within layouts/application
  [1m[36mMicropost Load (0.4ms)[0m  [1m[34mSELECT "microposts".* FROM "microposts"[0m
  Rendered microposts/index.html.erb within layouts/application (5.1ms)
Completed 200 OK in 82ms (Views: 78.2ms | ActiveRecord: 0.4ms)


Started DELETE "/microposts/2" for 127.0.0.1 at 2017-07-19 16:35:27 +0300
Processing by MicropostsController#destroy as HTML
  Parameters: {"authenticity_token"=>"H6iMsn+NNkNWA5O7Yk5pG+qh2mPivPjcboowWfolDmU6liY1a5lts/UL7HBImmH5hognzZYOp/OFmF7WU5DivA==", "id"=>"2"}
  [1m[36mMicropost Load (0.1ms)[0m  [1m[34mSELECT  "microposts".* FROM "microposts" WHERE "microposts"."id" = ? LIMIT ?[0m  [["id", 2], ["LIMIT", 1]]
  [1m[35m (0.1ms)[0m  [1m[36mbegin transaction[0m
  [1m[35mSQL (0.4ms)[0m  [1m[31mDELETE FROM "microposts" WHERE "microposts"."id" = ?[0m  [["id", 2]]
  [1m[35m (91.0ms)[0m  [1m[36mcommit transaction[0m
Redirected to http://localhost:3000/microposts
Completed 302 Found in 96ms (ActiveRecord: 91.5ms)


Started GET "/microposts" for 127.0.0.1 at 2017-07-19 16:35:27 +0300
Processing by MicropostsController#index as HTML
  Rendering microposts/index.html.erb within layouts/application
  [1m[36mMicropost Load (0.4ms)[0m  [1m[34mSELECT "microposts".* FROM "microposts"[0m
  Rendered microposts/index.html.erb within layouts/application (3.1ms)
Completed 200 OK in 61ms (Views: 57.8ms | ActiveRecord: 0.4ms)


Started GET "/microposts/new" for 127.0.0.1 at 2017-07-19 16:39:05 +0300
Processing by MicropostsController#new as HTML
  Rendering microposts/new.html.erb within layouts/application
  Rendered microposts/_form.html.erb (8.2ms)
  Rendered microposts/new.html.erb within layouts/application (11.2ms)
Completed 200 OK in 143ms (Views: 94.0ms | ActiveRecord: 3.0ms)


Started POST "/microposts" for 127.0.0.1 at 2017-07-19 16:40:05 +0300
Processing by MicropostsController#create as HTML
  Parameters: {"utf8"=>"✓", "authenticity_token"=>"KJxWypNxOL1TTF7MHn92rJej9dxIf6Y+eTHMl9KxGsNGpnp+JuiLuqBJSD3KG+xXI3w7blETXXiXSSLlUX7l7A==", "micropost"=>{"content"=>"zxcxvcx      sed in a previous exercise (Section 2.3.1.1). How has the behavior changed?\r\n    (For readers who know CSS) Use your browser’s HTML inspector to determine the CSS id of the error message produced by the previous exercise. \r\n\r\n2.3.3 A user has_many microposts\r\n\r\nOne of the most powerful features of Rails is the ability to form associations between different data models. In the case of our User model, each user potentially has many microposts. We can express this in code by updating the User and Micropost models as in Listing 2.14 and Listing 2.15    sed in a previous exercise (Section 2.3.1.1). How has the behavior changed?\r\n    (For readers who know CSS) Use your browser’s HTML inspector to determine the CSS id of the error message produced by the previous exercise. \r\n\r\n2.3.3 A user has_many microposts\r\n\r\nOne of the most powerful features of Rails is the ability to form associations between different data models. In the case of our User model, each user potentially has many microposts. We can express this in code by updating the User and Micropost models as in Listing 2.14 and Listing 2.15    sed in a previous exercise (Section 2.3.1.1). How has the behavior changed?\r\n    (For readers who know CSS) Use your browser’s HTML inspector to determine the CSS id of the error message produced by the previous exercise. \r\n\r\n2.3.3 A user has_many microposts\r\n\r\nOne of the most powerful features of Rails is the ability to form associations between different data models. In the case of our User model, each user potentially has many microposts. We can express this in code by updating the User and Micropost models as in Listing 2.14 and Listing 2.15    sed in a previous exercise (Section 2.3.1.1). How has the behavior changed?\r\n    (For readers who know CSS) Use your browser’s HTML inspector to determine the CSS id of the error message produced by the previous exercise. \r\n\r\n2.3.3 A user has_many microposts\r\n\r\nOne of the most powerful features of Rails is the ability to form associations between different data models. In the case of our User model, each user potentially has many microposts. We can express this in code by updating the User and Micropost models as in Listing 2.14 and Listing 2.15    sed in a previous exercise (Section 2.3.1.1). How has the behavior changed?\r\n    (For readers who know CSS) Use your browser’s HTML inspector to determine the CSS id of the error message produced by the previous exercise. \r\n\r\n2.3.3 A user has_many microposts\r\n\r\nOne of the most powerful features of Rails is the ability to form associations between different data models. In the case of our User model, each user potentially has many microposts. We can express this in code by updating the User and Micropost models as in Listing 2.14 and Listing 2.15.l,//ddfggtfyhtygfghyjhgytjyujkyujtrhty    sed in a previous exercise (Section 2.3.1.1). How has the behavior changed?\r\n    (For readers who know CSS) Use your browser’s HTML inspector to determine the CSS id of the error message produced by the previous exercise. \r\n\r\n2.3.3 A user has_many microposts\r\n\r\nOne of the most powerful features of Rails is the ability to form associations between different data models. In the case of our User model, each user potentially has many microposts. We can express this in code by updating the User and Micropost models as in Listing 2.14 and Listing 2.15ddededddwwqdqwdwedewdwdwedweddhtyjukhhtyjyujty    sed in a previous exercise (Section 2.3.1.1). How has the behavior changed?\r\n    (For readers who know CSS) Use your browser’s HTML inspector to determine the CSS id of the error message produced by the previous exercise. \r\n\r\n2.3.3 A user has_many microposts\r\n\r\nOne of the most powerful features of Rails is the ability to form associations between different data models. In the case of our User model, each user potentially has many microposts. We can express this in code by updating the User and Micropost models as in Listing 2.14 and Listing 2.15", "user_id"=>"1"}, "commit"=>"Create Micropost"}
  [1m[35m (0.2ms)[0m  [1m[36mbegin transaction[0m
  [1m[35m (0.1ms)[0m  [1m[31mrollback transaction[0m
  Rendering microposts/new.html.erb within layouts/application
  Rendered microposts/_form.html.erb (6.7ms)
  Rendered microposts/new.html.erb within layouts/application (11.3ms)
Completed 200 OK in 77ms (Views: 70.6ms | ActiveRecord: 0.3ms)


Started GET "/microposts" for 127.0.0.1 at 2017-07-19 17:21:17 +0300
Processing by MicropostsController#index as HTML
  Rendering microposts/index.html.erb within layouts/application
  [1m[36mMicropost Load (0.8ms)[0m  [1m[34mSELECT "microposts".* FROM "microposts"[0m
  Rendered microposts/index.html.erb within layouts/application (5.7ms)
Completed 200 OK in 112ms (Views: 66.4ms | ActiveRecord: 1.3ms)


Started GET "/" for 127.0.0.1 at 2017-07-19 17:21:27 +0300
Processing by UsersController#index as HTML
  Rendering users/index.html.erb within layouts/application
  [1m[36mUser Load (0.5ms)[0m  [1m[34mSELECT "users".* FROM "users"[0m
  Rendered users/index.html.erb within layouts/application (22.2ms)
Completed 200 OK in 117ms (Views: 72.1ms | ActiveRecord: 2.8ms)


Started GET "/" for 127.0.0.1 at 2017-07-19 17:21:34 +0300
Processing by UsersController#index as HTML
  Rendering users/index.html.erb within layouts/application
  [1m[36mUser Load (1.0ms)[0m  [1m[34mSELECT "users".* FROM "users"[0m
  Rendered users/index.html.erb within layouts/application (4.9ms)
Completed 200 OK in 62ms (Views: 58.7ms | ActiveRecord: 1.0ms)


